#
# A fatal error has been detected by the Java Runtime Environment:
#
#  SIGSEGV (0xb) at pc=0x0000000120ad13fd, pid=3047, tid=1295
#
# JRE version: Java(TM) SE Runtime Environment (8.0_25-b17) (build 1.8.0_25-b17)
# Java VM: Java HotSpot(TM) 64-Bit Server VM (25.25-b02 mixed mode bsd-amd64 compressed oops)
# Problematic frame:
# C  [libglass.dylib+0x163fd]  GlassScreenDidChangeScreenParameters+0x9d
#
# Failed to write core dump. Core dumps have been disabled. To enable core dumping, try "ulimit -c unlimited" before starting Java again
#
# If you would like to submit a bug report, please visit:
#   http://bugreport.sun.com/bugreport/crash.jsp
#

---------------  T H R E A D  ---------------

Current thread is native thread

siginfo: si_signo: 11 (SIGSEGV), si_code: 1 (SEGV_MAPERR), si_addr: 0x0000000000000000

Registers:
RAX=0x0000000120b03e40, RBX=0x0000000000000000, RCX=0x0000000000000103, RDX=0x00007fafd8dce138
RSP=0x00007fff58bae040, RBP=0x00007fff58bae050, RSI=0x00007fafd8e0cf80, RDI=0x0000000000000000
R8 =0x0000000000000040, R9 =0x00007fff7868f1e0, R10=0xffffffffffffffff, R11=0x0000000000000246
R12=0x00007fafd8d96d20, R13=0x00007fafd8c32480, R14=0x00007fafd8c32540, R15=0x0000000000000000
RIP=0x0000000120ad13fd, EFLAGS=0x0000000000010202, ERR=0x0000000000000004
  TRAPNO=0x000000000000000e

Top of Stack: (sp=0x00007fff58bae040)
0x00007fff58bae040:   00007fff58bae098 00007fafd8c32540
0x00007fff58bae050:   00007fff58bae060 00007fff8fd84a0c
0x00007fff58bae060:   00007fff58bae080 00007fff8fd8499f
0x00007fff58bae070:   0000000000000000 0000000000000000
0x00007fff58bae080:   00007fff58bae0f0 00007fff8fd84917
0x00007fff58bae090:   00007fff7711e110 00007fff787c60a0
0x00007fff58bae0a0:   0000000042000000 00007fff8fd84960
0x00007fff58bae0b0:   00007fff76faa6f0 00007fafd8c32480
0x00007fff58bae0c0:   00007fafd8d96d20 00007fff58bae898
0x00007fff58bae0d0:   00007fff770d5bd0 00007fff58bae898
0x00007fff58bae0e0:   00007fafd8c32480 00007fff90143955
0x00007fff58bae0f0:   00007fff58bae130 00007fff8fd84682
0x00007fff58bae100:   00007fff58bae710 0000000000000000
0x00007fff58bae110:   00007fff770d5bd0 00007fff58bae898
0x00007fff58bae120:   00007fff99888e40 00007fff90143955
0x00007fff58bae130:   00007fff58bae840 00007fff8fd41442
0x00007fff58bae140:   0000000000000001 00007fafd8e65120
0x00007fff58bae150:   00007fafd8e7cf30 00007fafd8f09b40
0x00007fff58bae160:   00007fafd9009078 00007fafd8e59230
0x00007fff58bae170:   0000000000000000 00007fafd8c325a0
0x00007fff58bae180:   0000000000000000 0000000000000000
0x00007fff58bae190:   00007fff76fe75b0 00007fff58bae710
0x00007fff58bae1a0:   0000000000000001 0000000000000100
0x00007fff58bae1b0:   00007fff58bae400 00007fff58bae610
0x00007fff58bae1c0:   0000000000000000 0000000000000100
0x00007fff58bae1d0:   0000006ed8e65300 00007fff770d5bd0
0x00007fff58bae1e0:   0000000000000000 00007fff76fab490
0x00007fff58bae1f0:   00007fff770d5bd0 0000000000000000
0x00007fff58bae200:   00007fff76fab490 0000000000000000
0x00007fff58bae210:   0000000000000000 0000000000000000
0x00007fff58bae220:   0000000000000000 0000000000000000
0x00007fff58bae230:   ffffffffffffffff 00007fafd8e7cf40 

Instructions: (pc=0x0000000120ad13fd)
0x0000000120ad13dd:   89 df 4c 89 f1 41 ff 90 68 04 00 00 48 8d 05 58
0x0000000120ad13ed:   29 03 00 48 8b 30 48 8d 05 46 2a 03 00 48 8b 10
0x0000000120ad13fd:   48 8b 0b 30 c0 48 89 df ff 91 68 04 00 00 48 8b
0x0000000120ad140d:   03 48 89 df ff 50 78 48 85 c0 74 36 49 89 c6 48 

Register to memory mapping:

RAX=0x0000000120b03e40: jScreenNotifySettingsChanged+0 in /Library/Java/JavaVirtualMachines/jdk1.8.0_25.jdk/Contents/Home/jre/lib/libglass.dylib at 0x0000000120abb000
RBX=0x0000000000000000 is an unknown value
RCX=0x0000000000000103 is an unknown value
RDX=0x00007fafd8dce138 is an unknown value
RSP=0x00007fff58bae040 is an unknown value
RBP=0x00007fff58bae050 is an unknown value
RSI=0x00007fafd8e0cf80 is a global jni handle
RDI=0x0000000000000000 is an unknown value
R8 =0x0000000000000040 is an unknown value
R9 =0x00007fff7868f1e0: __sFX+0x1c0 in /usr/lib/system/libsystem_c.dylib at 0x00007fff97ce5000
R10=0xffffffffffffffff is an unknown value
R11=0x0000000000000246 is an unknown value
R12=0x00007fafd8d96d20 is an unknown value
R13=0x00007fafd8c32480 is an unknown value
R14=0x00007fafd8c32540 is an unknown value
R15=0x0000000000000000 is an unknown value


Stack: [0x00007fff583b2000,0x00007fff58bb2000],  sp=0x00007fff58bae040,  free space=8176k
Native frames: (J=compiled Java code, j=interpreted, Vv=VM code, C=native code)
C  [libglass.dylib+0x163fd]  GlassScreenDidChangeScreenParameters+0x9d
C  [CoreFoundation+0xa0a0c]  __CFNOTIFICATIONCENTER_IS_CALLING_OUT_TO_AN_OBSERVER__+0xc
C  [CoreFoundation+0xa099f]  ___CFXRegistrationPost_block_invoke+0x3f
C  [CoreFoundation+0xa0917]  _CFXRegistrationPost+0x197
C  [CoreFoundation+0xa0682]  ___CFXNotificationPost_block_invoke+0x32
C  [CoreFoundation+0x5d442]  -[_CFXNotificationRegistrar find:object:observer:enumerator:]+0x782
C  [CoreFoundation+0x5c695]  _CFXNotificationPost+0x2b5
C  [Foundation+0x731a]  -[NSNotificationCenter postNotificationName:object:userInfo:]+0x42
C  [AppKit+0x41ceda]  -[NSApplication _reactToScreenInvalidationImmediately:]+0x17f
C  [AppKit+0x41cd2b]  __44-[NSApplication _reactToScreenInvalidation:]_block_invoke+0x3b
C  [CoreFoundation+0xaa24c]  __CFRUNLOOP_IS_CALLING_OUT_TO_A_BLOCK__+0xc
C  [CoreFoundation+0x89b65]  __CFRunLoopDoBlocks+0x155
C  [CoreFoundation+0x898cb]  __CFRunLoopRun+0x92b
C  [CoreFoundation+0x88d38]  CFRunLoopRunSpecific+0x128
C  [java+0x56cc]  CreateExecutionEnvironment+0x367
C  [java+0x165c]  JLI_Launch+0x7a0
C  [java+0x768a]  main+0x65
C  [java+0xeb4]  start+0x34


---------------  P R O C E S S  ---------------

VM state:not at safepoint (normal execution)

VM Mutex/Monitor currently owned by a thread: None

Heap:
 PSYoungGen      total 28160K, used 16349K [0x0000000795580000, 0x0000000797b80000, 0x00000007c0000000)
  eden space 27648K, 58% used [0x0000000795580000,0x0000000796557478,0x0000000797080000)
  from space 512K, 25% used [0x0000000797100000,0x0000000797120000,0x0000000797180000)
  to   space 5632K, 0% used [0x0000000797600000,0x0000000797600000,0x0000000797b80000)
 ParOldGen       total 87552K, used 4501K [0x0000000740000000, 0x0000000745580000, 0x0000000795580000)
  object space 87552K, 5% used [0x0000000740000000,0x00000007404654b0,0x0000000745580000)
 Metaspace       used 12601K, capacity 13008K, committed 13312K, reserved 1060864K
  class space    used 1624K, capacity 1730K, committed 1792K, reserved 1048576K

Card table byte_map: [0x0000000117edc000,0x00000001182dd000] byte_map_base: 0x00000001144dc000

Marking Bits: (ParMarkBitMap*) 0x000000010849d390
 Begin Bits: [0x0000000118588000, 0x000000011a588000)
 End Bits:   [0x000000011a588000, 0x000000011c588000)

Polling page: 0x000000010730f000

CodeCache: size=245760Kb used=3552Kb max_used=3552Kb free=242207Kb
 bounds [0x0000000108b1c000, 0x0000000108e9c000, 0x0000000117b1c000]
 total_blobs=1636 nmethods=1019 adapters=532
 compilation: enabled

Compilation events (10 events):
Event: 390.470 Thread 0x00007fafd9853800 1017       3       java.lang.invoke.MethodHandleNatives::refKindIsMethod (19 bytes)
Event: 390.470 Thread 0x00007fafd9853800 nmethod 1017 0x0000000108e93f50 code [0x0000000108e940c0, 0x0000000108e94350]
Event: 390.470 Thread 0x00007fafd9853800 1018       3       java.util.HashMap$HashIterator::hasNext (13 bytes)
Event: 390.470 Thread 0x00007fafd9853800 nmethod 1018 0x0000000108e94410 code [0x0000000108e94580, 0x0000000108e94730]
Event: 390.470 Thread 0x00007fafd9853800 1019       3       java.lang.invoke.MethodHandles$Lookup::in (125 bytes)
Event: 390.471 Thread 0x00007fafd9853800 nmethod 1019 0x0000000108e94790 code [0x0000000108e949c0, 0x0000000108e95638]
Event: 390.471 Thread 0x00007fafd9853800 1020       3       jdk.internal.org.objectweb.asm.MethodWriter::visitCode (1 bytes)
Event: 390.472 Thread 0x00007fafd9853800 nmethod 1020 0x0000000108e95b50 code [0x0000000108e95ca0, 0x0000000108e95df0]
Event: 390.472 Thread 0x00007fafd9853800 1021       3       java.lang.invoke.MemberName::init (66 bytes)
Event: 390.472 Thread 0x00007fafd9853800 nmethod 1021 0x0000000108e95e50 code [0x0000000108e95fc0, 0x0000000108e96190]

GC Heap History (10 events):
Event: 34.067 GC heap before
{Heap before GC invocations=11 (full 0):
 PSYoungGen      total 35840K, used 30368K [0x0000000795580000, 0x0000000797f00000, 0x00000007c0000000)
  eden space 30208K, 100% used [0x0000000795580000,0x0000000797300000,0x0000000797300000)
  from space 5632K, 2% used [0x0000000797980000,0x00000007979a8000,0x0000000797f00000)
  to   space 6144K, 0% used [0x0000000797300000,0x0000000797300000,0x0000000797900000)
 ParOldGen       total 87552K, used 4437K [0x0000000740000000, 0x0000000745580000, 0x0000000795580000)
  object space 87552K, 5% used [0x0000000740000000,0x00000007404554b0,0x0000000745580000)
 Metaspace       used 12549K, capacity 12978K, committed 13312K, reserved 1060864K
  class space    used 1618K, capacity 1723K, committed 1792K, reserved 1048576K
Event: 34.067 GC heap after
Heap after GC invocations=11 (full 0):
 PSYoungGen      total 30208K, used 96K [0x0000000795580000, 0x0000000797e80000, 0x00000007c0000000)
  eden space 29696K, 0% used [0x0000000795580000,0x0000000795580000,0x0000000797280000)
  from space 512K, 18% used [0x0000000797300000,0x0000000797318000,0x0000000797380000)
  to   space 6144K, 0% used [0x0000000797880000,0x0000000797880000,0x0000000797e80000)
 ParOldGen       total 87552K, used 4461K [0x0000000740000000, 0x0000000745580000, 0x0000000795580000)
  object space 87552K, 5% used [0x0000000740000000,0x000000074045b4b0,0x0000000745580000)
 Metaspace       used 12549K, capacity 12978K, committed 13312K, reserved 1060864K
  class space    used 1618K, capacity 1723K, committed 1792K, reserved 1048576K
}
Event: 35.098 GC heap before
{Heap before GC invocations=12 (full 0):
 PSYoungGen      total 30208K, used 29792K [0x0000000795580000, 0x0000000797e80000, 0x00000007c0000000)
  eden space 29696K, 100% used [0x0000000795580000,0x0000000797280000,0x0000000797280000)
  from space 512K, 18% used [0x0000000797300000,0x0000000797318000,0x0000000797380000)
  to   space 6144K, 0% used [0x0000000797880000,0x0000000797880000,0x0000000797e80000)
 ParOldGen       total 87552K, used 4461K [0x0000000740000000, 0x0000000745580000, 0x0000000795580000)
  object space 87552K, 5% used [0x0000000740000000,0x000000074045b4b0,0x0000000745580000)
 Metaspace       used 12549K, capacity 12978K, committed 13312K, reserved 1060864K
  class space    used 1618K, capacity 1723K, committed 1792K, reserved 1048576K
Event: 35.099 GC heap after
Heap after GC invocations=12 (full 0):
 PSYoungGen      total 34816K, used 96K [0x0000000795580000, 0x0000000797e00000, 0x00000007c0000000)
  eden space 29184K, 0% used [0x0000000795580000,0x0000000795580000,0x0000000797200000)
  from space 5632K, 1% used [0x0000000797880000,0x0000000797898000,0x0000000797e00000)
  to   space 6144K, 0% used [0x0000000797200000,0x0000000797200000,0x0000000797800000)
 ParOldGen       total 87552K, used 4461K [0x0000000740000000, 0x0000000745580000, 0x0000000795580000)
  object space 87552K, 5% used [0x0000000740000000,0x000000074045b4b0,0x0000000745580000)
 Metaspace       used 12549K, capacity 12978K, committed 13312K, reserved 1060864K
  class space    used 1618K, capacity 1723K, committed 1792K, reserved 1048576K
}
Event: 37.559 GC heap before
{Heap before GC invocations=13 (full 0):
 PSYoungGen      total 34816K, used 29280K [0x0000000795580000, 0x0000000797e00000, 0x00000007c0000000)
  eden space 29184K, 100% used [0x0000000795580000,0x0000000797200000,0x0000000797200000)
  from space 5632K, 1% used [0x0000000797880000,0x0000000797898000,0x0000000797e00000)
  to   space 6144K, 0% used [0x0000000797200000,0x0000000797200000,0x0000000797800000)
 ParOldGen       total 87552K, used 4461K [0x0000000740000000, 0x0000000745580000, 0x0000000795580000)
  object space 87552K, 5% used [0x0000000740000000,0x000000074045b4b0,0x0000000745580000)
 Metaspace       used 12560K, capacity 12978K, committed 13312K, reserved 1060864K
  class space    used 1618K, capacity 1723K, committed 1792K, reserved 1048576K
Event: 37.560 GC heap after
Heap after GC invocations=13 (full 0):
 PSYoungGen      total 29184K, used 96K [0x0000000795580000, 0x0000000797d80000, 0x00000007c0000000)
  eden space 28672K, 0% used [0x0000000795580000,0x0000000795580000,0x0000000797180000)
  from space 512K, 18% used [0x0000000797200000,0x0000000797218000,0x0000000797280000)
  to   space 6144K, 0% used [0x0000000797780000,0x0000000797780000,0x0000000797d80000)
 ParOldGen       total 87552K, used 4469K [0x0000000740000000, 0x0000000745580000, 0x0000000795580000)
  object space 87552K, 5% used [0x0000000740000000,0x000000074045d4b0,0x0000000745580000)
 Metaspace       used 12560K, capacity 12978K, committed 13312K, reserved 1060864K
  class space    used 1618K, capacity 1723K, committed 1792K, reserved 1048576K
}
Event: 42.415 GC heap before
{Heap before GC invocations=14 (full 0):
 PSYoungGen      total 29184K, used 28768K [0x0000000795580000, 0x0000000797d80000, 0x00000007c0000000)
  eden space 28672K, 100% used [0x0000000795580000,0x0000000797180000,0x0000000797180000)
  from space 512K, 18% used [0x0000000797200000,0x0000000797218000,0x0000000797280000)
  to   space 6144K, 0% used [0x0000000797780000,0x0000000797780000,0x0000000797d80000)
 ParOldGen       total 87552K, used 4469K [0x0000000740000000, 0x0000000745580000, 0x0000000795580000)
  object space 87552K, 5% used [0x0000000740000000,0x000000074045d4b0,0x0000000745580000)
 Metaspace       used 12560K, capacity 12978K, committed 13312K, reserved 1060864K
  class space    used 1618K, capacity 1723K, committed 1792K, reserved 1048576K
Event: 42.415 GC heap after
Heap after GC invocations=14 (full 0):
 PSYoungGen      total 33792K, used 96K [0x0000000795580000, 0x0000000797d00000, 0x00000007c0000000)
  eden space 28160K, 0% used [0x0000000795580000,0x0000000795580000,0x0000000797100000)
  from space 5632K, 1% used [0x0000000797780000,0x0000000797798000,0x0000000797d00000)
  to   space 6144K, 0% used [0x0000000797100000,0x0000000797100000,0x0000000797700000)
 ParOldGen       total 87552K, used 4501K [0x0000000740000000, 0x0000000745580000, 0x0000000795580000)
  object space 87552K, 5% used [0x0000000740000000,0x00000007404654b0,0x0000000745580000)
 Metaspace       used 12560K, capacity 12978K, committed 13312K, reserved 1060864K
  class space    used 1618K, capacity 1723K, committed 1792K, reserved 1048576K
}
Event: 44.973 GC heap before
{Heap before GC invocations=15 (full 0):
 PSYoungGen      total 33792K, used 28256K [0x0000000795580000, 0x0000000797d00000, 0x00000007c0000000)
  eden space 28160K, 100% used [0x0000000795580000,0x0000000797100000,0x0000000797100000)
  from space 5632K, 1% used [0x0000000797780000,0x0000000797798000,0x0000000797d00000)
  to   space 6144K, 0% used [0x0000000797100000,0x0000000797100000,0x0000000797700000)
 ParOldGen       total 87552K, used 4501K [0x0000000740000000, 0x0000000745580000, 0x0000000795580000)
  object space 87552K, 5% used [0x0000000740000000,0x00000007404654b0,0x0000000745580000)
 Metaspace       used 12560K, capacity 12978K, committed 13312K, reserved 1060864K
  class space    used 1618K, capacity 1723K, committed 1792K, reserved 1048576K
Event: 44.974 GC heap after
Heap after GC invocations=15 (full 0):
 PSYoungGen      total 28160K, used 128K [0x0000000795580000, 0x0000000797b80000, 0x00000007c0000000)
  eden space 27648K, 0% used [0x0000000795580000,0x0000000795580000,0x0000000797080000)
  from space 512K, 25% used [0x0000000797100000,0x0000000797120000,0x0000000797180000)
  to   space 5632K, 0% used [0x0000000797600000,0x0000000797600000,0x0000000797b80000)
 ParOldGen       total 87552K, used 4501K [0x0000000740000000, 0x0000000745580000, 0x0000000795580000)
  object space 87552K, 5% used [0x0000000740000000,0x00000007404654b0,0x0000000745580000)
 Metaspace       used 12560K, capacity 12978K, committed 13312K, reserved 1060864K
  class space    used 1618K, capacity 1723K, committed 1792K, reserved 1048576K
}

Deoptimization events (1 events):
Event: 0.908 Thread 0x00007fafd91d8800 Uncommon trap: reason=unreached action=reinterpret pc=0x0000000108d74e80 method=sample.Main$1.run()V @ 3

Internal exceptions (10 events):
Event: 10.310 Thread 0x00007fafd924c800 Exception <a 'java/security/PrivilegedActionException'> (0x0000000796437c90) thrown at [/HUDSON3/workspace/8-2-build-macosx-x86_64/jdk8u25/1514/hotspot/src/share/vm/prims/jvm.cpp, line 1312]
Event: 10.311 Thread 0x00007fafd924c800 Exception <a 'java/security/PrivilegedActionException'> (0x000000079643dbf0) thrown at [/HUDSON3/workspace/8-2-build-macosx-x86_64/jdk8u25/1514/hotspot/src/share/vm/prims/jvm.cpp, line 1312]
Event: 10.314 Thread 0x00007fafd924c800 Exception <a 'java/security/PrivilegedActionException'> (0x00000007964470d8) thrown at [/HUDSON3/workspace/8-2-build-macosx-x86_64/jdk8u25/1514/hotspot/src/share/vm/prims/jvm.cpp, line 1312]
Event: 10.315 Thread 0x00007fafd924c800 Exception <a 'java/security/PrivilegedActionException'> (0x000000079644eb80) thrown at [/HUDSON3/workspace/8-2-build-macosx-x86_64/jdk8u25/1514/hotspot/src/share/vm/prims/jvm.cpp, line 1312]
Event: 11.737 Thread 0x00007fafd9a4a000 Exception <a 'java/security/PrivilegedActionException'> (0x0000000795837330) thrown at [/HUDSON3/workspace/8-2-build-macosx-x86_64/jdk8u25/1514/hotspot/src/share/vm/prims/jvm.cpp, line 1312]
Event: 12.238 Thread 0x00007fafd9a4a000 Exception <a 'java/security/PrivilegedActionException'> (0x000000079583b7b8) thrown at [/HUDSON3/workspace/8-2-build-macosx-x86_64/jdk8u25/1514/hotspot/src/share/vm/prims/jvm.cpp, line 1312]
Event: 18.348 Thread 0x00007fafd924c800 Exception <a 'java/security/PrivilegedActionException'> (0x000000079734f640) thrown at [/HUDSON3/workspace/8-2-build-macosx-x86_64/jdk8u25/1514/hotspot/src/share/vm/prims/jvm.cpp, line 1312]
Event: 18.852 Thread 0x00007fafd924c800 Exception <a 'java/security/PrivilegedActionException'> (0x0000000797353150) thrown at [/HUDSON3/workspace/8-2-build-macosx-x86_64/jdk8u25/1514/hotspot/src/share/vm/prims/jvm.cpp, line 1312]
Event: 45.230 Thread 0x00007fafda959800 Exception <a 'java/security/PrivilegedActionException'> (0x0000000795a8e950) thrown at [/HUDSON3/workspace/8-2-build-macosx-x86_64/jdk8u25/1514/hotspot/src/share/vm/prims/jvm.cpp, line 1312]
Event: 45.735 Thread 0x00007fafda959800 Exception <a 'java/security/PrivilegedActionException'> (0x0000000795a924b0) thrown at [/HUDSON3/workspace/8-2-build-macosx-x86_64/jdk8u25/1514/hotspot/src/share/vm/prims/jvm.cpp, line 1312]

Events (10 events):
Event: 390.461 loading class javafx/application/Application done
Event: 390.469 loading class com/sun/javafx/tk/quantum/QuantumRenderer
Event: 390.469 loading class com/sun/javafx/tk/quantum/QuantumRenderer done
Event: 390.470 loading class com/sun/javafx/tk/quantum/QuantumToolkit
Event: 390.470 loading class com/sun/javafx/tk/quantum/QuantumToolkit done
Event: 390.471 Thread 0x00007fafda8cc000 Thread exited: 0x00007fafda8cc000
Event: 390.471 Thread 0x00007fafd9934800 Thread exited: 0x00007fafd9934800
Event: 390.471 Thread 0x00007fafd90c5000 Thread exited: 0x00007fafd90c5000
Event: 390.471 Thread 0x00007fafda001000 Thread exited: 0x00007fafda001000
Event: 390.471 Thread 0x00007fafda94b000 Thread added: 0x00007fafda94b000


Dynamic libraries:
0x0000000005a59000 	/System/Library/Frameworks/Cocoa.framework/Versions/A/Cocoa
0x0000000005a59000 	/System/Library/Frameworks/Security.framework/Versions/A/Security
0x0000000005a59000 	/System/Library/Frameworks/ApplicationServices.framework/Versions/A/ApplicationServices
0x0000000005a59000 	/usr/lib/libz.1.dylib
0x0000000005a59000 	/usr/lib/libSystem.B.dylib
0x0000000005a59000 	/usr/lib/libobjc.A.dylib
0x0000000005a59000 	/System/Library/Frameworks/CoreFoundation.framework/Versions/A/CoreFoundation
0x0000000005a59000 	/System/Library/Frameworks/Foundation.framework/Versions/C/Foundation
0x0000000005a59000 	/System/Library/Frameworks/AppKit.framework/Versions/C/AppKit
0x0000000005a59000 	/System/Library/Frameworks/CoreData.framework/Versions/A/CoreData
0x0000000005a59000 	/System/Library/PrivateFrameworks/RemoteViewServices.framework/Versions/A/RemoteViewServices
0x0000000005a59000 	/System/Library/PrivateFrameworks/UIFoundation.framework/Versions/A/UIFoundation
0x0000000005a59000 	/usr/lib/libScreenReader.dylib
0x0000000005a59000 	/System/Library/Frameworks/Accelerate.framework/Versions/A/Accelerate
0x0000000005a59000 	/System/Library/Frameworks/IOSurface.framework/Versions/A/IOSurface
0x0000000005a59000 	/System/Library/Frameworks/AudioToolbox.framework/Versions/A/AudioToolbox
0x0000000005a59000 	/System/Library/Frameworks/AudioUnit.framework/Versions/A/AudioUnit
0x0000000005a59000 	/System/Library/PrivateFrameworks/DataDetectorsCore.framework/Versions/A/DataDetectorsCore
0x0000000005a59000 	/System/Library/PrivateFrameworks/DesktopServicesPriv.framework/Versions/A/DesktopServicesPriv
0x0000000005a59000 	/System/Library/Frameworks/Carbon.framework/Versions/A/Frameworks/HIToolbox.framework/Versions/A/HIToolbox
0x0000000005a59000 	/System/Library/Frameworks/QuartzCore.framework/Versions/A/QuartzCore
0x0000000005a59000 	/System/Library/Frameworks/Carbon.framework/Versions/A/Frameworks/SpeechRecognition.framework/Versions/A/SpeechRecognition
0x0000000005a59000 	/usr/lib/libauto.dylib
0x0000000005a59000 	/usr/lib/libicucore.A.dylib
0x0000000005a59000 	/usr/lib/libxml2.2.dylib
0x0000000005a59000 	/System/Library/PrivateFrameworks/CoreUI.framework/Versions/A/CoreUI
0x0000000005a59000 	/System/Library/Frameworks/CoreAudio.framework/Versions/A/CoreAudio
0x0000000005a59000 	/System/Library/Frameworks/DiskArbitration.framework/Versions/A/DiskArbitration
0x0000000005a59000 	/usr/lib/liblangid.dylib
0x0000000005a59000 	/System/Library/PrivateFrameworks/MultitouchSupport.framework/Versions/A/MultitouchSupport
0x0000000005a59000 	/System/Library/Frameworks/IOKit.framework/Versions/A/IOKit
0x0000000005a59000 	/usr/lib/libDiagnosticMessagesClient.dylib
0x0000000005a59000 	/System/Library/Frameworks/CoreServices.framework/Versions/A/CoreServices
0x0000000005a59000 	/System/Library/PrivateFrameworks/PerformanceAnalysis.framework/Versions/A/PerformanceAnalysis
0x0000000005a59000 	/System/Library/PrivateFrameworks/GenerationalStorage.framework/Versions/A/GenerationalStorage
0x0000000005a59000 	/System/Library/Frameworks/OpenGL.framework/Versions/A/OpenGL
0x0000000005a59000 	/System/Library/PrivateFrameworks/Sharing.framework/Versions/A/Sharing
0x0000000005a59000 	/System/Library/Frameworks/CoreGraphics.framework/Versions/A/CoreGraphics
0x0000000005a59000 	/System/Library/Frameworks/CoreImage.framework/Versions/A/CoreImage
0x0000000005a59000 	/System/Library/Frameworks/CoreText.framework/Versions/A/CoreText
0x0000000005a59000 	/System/Library/Frameworks/ImageIO.framework/Versions/A/ImageIO
0x0000000005a59000 	/System/Library/PrivateFrameworks/Backup.framework/Versions/A/Backup
0x0000000005a59000 	/usr/lib/libextension.dylib
0x0000000005a59000 	/usr/lib/libarchive.2.dylib
0x0000000005a59000 	/System/Library/Frameworks/CFNetwork.framework/Versions/A/CFNetwork
0x0000000005a59000 	/System/Library/Frameworks/SystemConfiguration.framework/Versions/A/SystemConfiguration
0x0000000005a59000 	/usr/lib/libCRFSuite.dylib
0x0000000005a59000 	/usr/lib/libc++.1.dylib
0x0000000005a59000 	/usr/lib/libc++abi.dylib
0x0000000005a59000 	/usr/lib/system/libcache.dylib
0x0000000005a59000 	/usr/lib/system/libcommonCrypto.dylib
0x0000000005a59000 	/usr/lib/system/libcompiler_rt.dylib
0x0000000005a59000 	/usr/lib/system/libcopyfile.dylib
0x0000000005a59000 	/usr/lib/system/libcorecrypto.dylib
0x0000000005a59000 	/usr/lib/system/libdispatch.dylib
0x0000000005a59000 	/usr/lib/system/libdyld.dylib
0x0000000005a59000 	/usr/lib/system/libkeymgr.dylib
0x0000000005a59000 	/usr/lib/system/liblaunch.dylib
0x0000000005a59000 	/usr/lib/system/libmacho.dylib
0x0000000005a59000 	/usr/lib/system/libquarantine.dylib
0x0000000005a59000 	/usr/lib/system/libremovefile.dylib
0x0000000005a59000 	/usr/lib/system/libsystem_asl.dylib
0x0000000005a59000 	/usr/lib/system/libsystem_blocks.dylib
0x0000000005a59000 	/usr/lib/system/libsystem_c.dylib
0x0000000005a59000 	/usr/lib/system/libsystem_configuration.dylib
0x0000000005a59000 	/usr/lib/system/libsystem_coreservices.dylib
0x0000000005a59000 	/usr/lib/system/libsystem_coretls.dylib
0x0000000005a59000 	/usr/lib/system/libsystem_dnssd.dylib
0x0000000005a59000 	/usr/lib/system/libsystem_info.dylib
0x0000000005a59000 	/usr/lib/system/libsystem_kernel.dylib
0x0000000005a59000 	/usr/lib/system/libsystem_m.dylib
0x0000000005a59000 	/usr/lib/system/libsystem_malloc.dylib
0x0000000005a59000 	/usr/lib/system/libsystem_network.dylib
0x0000000005a59000 	/usr/lib/system/libsystem_networkextension.dylib
0x0000000005a59000 	/usr/lib/system/libsystem_notify.dylib
0x0000000005a59000 	/usr/lib/system/libsystem_platform.dylib
0x0000000005a59000 	/usr/lib/system/libsystem_pthread.dylib
0x0000000005a59000 	/usr/lib/system/libsystem_sandbox.dylib
0x0000000005a59000 	/usr/lib/system/libsystem_secinit.dylib
0x0000000005a59000 	/usr/lib/system/libsystem_trace.dylib
0x0000000005a59000 	/usr/lib/system/libunc.dylib
0x0000000005a59000 	/usr/lib/system/libunwind.dylib
0x0000000005a59000 	/usr/lib/system/libxpc.dylib
0x0000000005a59000 	/usr/lib/libenergytrace.dylib
0x0000000005a59000 	/usr/lib/libbsm.0.dylib
0x0000000005a59000 	/usr/lib/system/libkxld.dylib
0x0000000005a59000 	/usr/lib/libxar.1.dylib
0x0000000005a59000 	/usr/lib/libsqlite3.dylib
0x0000000005a59000 	/usr/lib/libpam.2.dylib
0x0000000005a59000 	/usr/lib/libOpenScriptingUtil.dylib
0x0000000005a59000 	/usr/lib/libbz2.1.0.dylib
0x0000000005a59000 	/usr/lib/liblzma.5.dylib
0x0000000005a59000 	/System/Library/Frameworks/CoreServices.framework/Versions/A/Frameworks/FSEvents.framework/Versions/A/FSEvents
0x0000000005a59000 	/System/Library/Frameworks/CoreServices.framework/Versions/A/Frameworks/CarbonCore.framework/Versions/A/CarbonCore
0x0000000005a59000 	/System/Library/Frameworks/CoreServices.framework/Versions/A/Frameworks/Metadata.framework/Versions/A/Metadata
0x0000000005a59000 	/System/Library/Frameworks/CoreServices.framework/Versions/A/Frameworks/OSServices.framework/Versions/A/OSServices
0x0000000005a59000 	/System/Library/Frameworks/CoreServices.framework/Versions/A/Frameworks/SearchKit.framework/Versions/A/SearchKit
0x0000000005a59000 	/System/Library/Frameworks/CoreServices.framework/Versions/A/Frameworks/AE.framework/Versions/A/AE
0x0000000005a59000 	/System/Library/Frameworks/CoreServices.framework/Versions/A/Frameworks/LaunchServices.framework/Versions/A/LaunchServices
0x0000000005a59000 	/System/Library/Frameworks/CoreServices.framework/Versions/A/Frameworks/DictionaryServices.framework/Versions/A/DictionaryServices
0x0000000005a59000 	/System/Library/Frameworks/CoreServices.framework/Versions/A/Frameworks/SharedFileList.framework/Versions/A/SharedFileList
0x0000000005a59000 	/System/Library/Frameworks/NetFS.framework/Versions/A/NetFS
0x0000000005a59000 	/System/Library/PrivateFrameworks/NetAuth.framework/Versions/A/NetAuth
0x0000000005a59000 	/System/Library/PrivateFrameworks/login.framework/Versions/A/Frameworks/loginsupport.framework/Versions/A/loginsupport
0x0000000005a59000 	/System/Library/PrivateFrameworks/TCC.framework/Versions/A/TCC
0x0000000005a59000 	/usr/lib/libmecabra.dylib
0x0000000005a59000 	/System/Library/Frameworks/ApplicationServices.framework/Versions/A/Frameworks/ATS.framework/Versions/A/ATS
0x0000000005a59000 	/System/Library/Frameworks/ApplicationServices.framework/Versions/A/Frameworks/ColorSync.framework/Versions/A/ColorSync
0x0000000005a59000 	/System/Library/Frameworks/ApplicationServices.framework/Versions/A/Frameworks/HIServices.framework/Versions/A/HIServices
0x0000000005a59000 	/System/Library/Frameworks/ApplicationServices.framework/Versions/A/Frameworks/LangAnalysis.framework/Versions/A/LangAnalysis
0x0000000005a59000 	/System/Library/Frameworks/ApplicationServices.framework/Versions/A/Frameworks/PrintCore.framework/Versions/A/PrintCore
0x0000000005a59000 	/System/Library/Frameworks/ApplicationServices.framework/Versions/A/Frameworks/QD.framework/Versions/A/QD
0x0000000005a59000 	/System/Library/Frameworks/ApplicationServices.framework/Versions/A/Frameworks/SpeechSynthesis.framework/Versions/A/SpeechSynthesis
0x0000000005a59000 	/System/Library/Frameworks/Metal.framework/Versions/A/Metal
0x0000000005a59000 	/System/Library/Frameworks/Accelerate.framework/Versions/A/Frameworks/vImage.framework/Versions/A/vImage
0x0000000005a59000 	/System/Library/Frameworks/Accelerate.framework/Versions/A/Frameworks/vecLib.framework/Versions/A/vecLib
0x0000000005a59000 	/System/Library/Frameworks/Accelerate.framework/Versions/A/Frameworks/vecLib.framework/Versions/A/libvDSP.dylib
0x0000000005a59000 	/System/Library/Frameworks/Accelerate.framework/Versions/A/Frameworks/vecLib.framework/Versions/A/libvMisc.dylib
0x0000000005a59000 	/System/Library/Frameworks/Accelerate.framework/Versions/A/Frameworks/vecLib.framework/Versions/A/libLAPACK.dylib
0x0000000005a59000 	/System/Library/Frameworks/Accelerate.framework/Versions/A/Frameworks/vecLib.framework/Versions/A/libBLAS.dylib
0x0000000005a59000 	/System/Library/Frameworks/Accelerate.framework/Versions/A/Frameworks/vecLib.framework/Versions/A/libLinearAlgebra.dylib
0x0000000005a59000 	/System/Library/Frameworks/Accelerate.framework/Versions/A/Frameworks/vecLib.framework/Versions/A/libSparseBLAS.dylib
0x0000000005a59000 	/System/Library/PrivateFrameworks/GPUCompiler.framework/libmetal_timestamp.dylib
0x0000000005a59000 	/System/Library/Frameworks/OpenGL.framework/Versions/A/Libraries/libCoreFSCache.dylib
0x0000000005a59000 	/System/Library/PrivateFrameworks/IOAccelerator.framework/Versions/A/IOAccelerator
0x0000000005a59000 	/System/Library/Frameworks/ApplicationServices.framework/Versions/A/Frameworks/ATS.framework/Versions/A/Resources/libFontParser.dylib
0x0000000005a59000 	/System/Library/Frameworks/ApplicationServices.framework/Versions/A/Frameworks/ATS.framework/Versions/A/Resources/libFontRegistry.dylib
0x0000000005a59000 	/System/Library/PrivateFrameworks/AppleVPA.framework/Versions/A/AppleVPA
0x0000000005a59000 	/System/Library/PrivateFrameworks/AppleJPEG.framework/Versions/A/AppleJPEG
0x0000000005a59000 	/System/Library/Frameworks/ImageIO.framework/Versions/A/Resources/libJPEG.dylib
0x0000000005a59000 	/System/Library/Frameworks/ImageIO.framework/Versions/A/Resources/libTIFF.dylib
0x0000000005a59000 	/System/Library/Frameworks/ImageIO.framework/Versions/A/Resources/libPng.dylib
0x0000000005a59000 	/System/Library/Frameworks/ImageIO.framework/Versions/A/Resources/libGIF.dylib
0x0000000005a59000 	/System/Library/Frameworks/ImageIO.framework/Versions/A/Resources/libJP2.dylib
0x0000000005a59000 	/System/Library/Frameworks/ImageIO.framework/Versions/A/Resources/libRadiance.dylib
0x0000000005a59000 	/System/Library/Frameworks/CoreVideo.framework/Versions/A/CoreVideo
0x0000000005a59000 	/System/Library/Frameworks/OpenGL.framework/Versions/A/Libraries/libGLU.dylib
0x0000000005a59000 	/System/Library/Frameworks/OpenGL.framework/Versions/A/Libraries/libGFXShared.dylib
0x0000000005a59000 	/System/Library/Frameworks/OpenGL.framework/Versions/A/Libraries/libGL.dylib
0x0000000005a59000 	/System/Library/Frameworks/OpenGL.framework/Versions/A/Libraries/libGLImage.dylib
0x0000000005a59000 	/System/Library/Frameworks/OpenGL.framework/Versions/A/Libraries/libCVMSPluginSupport.dylib
0x0000000005a59000 	/System/Library/Frameworks/OpenGL.framework/Versions/A/Libraries/libCoreVMClient.dylib
0x0000000005a59000 	/usr/lib/libcups.2.dylib
0x0000000005a59000 	/System/Library/Frameworks/Kerberos.framework/Versions/A/Kerberos
0x0000000005a59000 	/System/Library/Frameworks/GSS.framework/Versions/A/GSS
0x0000000005a59000 	/usr/lib/libresolv.9.dylib
0x0000000005a59000 	/usr/lib/libiconv.2.dylib
0x0000000005a59000 	/System/Library/PrivateFrameworks/Heimdal.framework/Versions/A/Heimdal
0x0000000005a59000 	/usr/lib/libheimdal-asn1.dylib
0x0000000005a59000 	/System/Library/Frameworks/OpenDirectory.framework/Versions/A/OpenDirectory
0x0000000005a59000 	/System/Library/PrivateFrameworks/CommonAuth.framework/Versions/A/CommonAuth
0x0000000005a59000 	/System/Library/Frameworks/OpenDirectory.framework/Versions/A/Frameworks/CFOpenDirectory.framework/Versions/A/CFOpenDirectory
0x0000000005a59000 	/System/Library/Frameworks/SecurityFoundation.framework/Versions/A/SecurityFoundation
0x0000000005a59000 	/System/Library/PrivateFrameworks/LanguageModeling.framework/Versions/A/LanguageModeling
0x0000000005a59000 	/usr/lib/libmarisa.dylib
0x0000000005a59000 	/usr/lib/libChineseTokenizer.dylib
0x0000000005a59000 	/usr/lib/libcmph.dylib
0x0000000005a59000 	/usr/lib/libcompression.dylib
0x0000000005a59000 	/System/Library/Frameworks/ServiceManagement.framework/Versions/A/ServiceManagement
0x0000000005a59000 	/usr/lib/libxslt.1.dylib
0x0000000005a59000 	/System/Library/Frameworks/Carbon.framework/Versions/A/Frameworks/Ink.framework/Versions/A/Ink
0x0000000005a59000 	/usr/lib/libFosl_dynamic.dylib
0x0000000005a59000 	/System/Library/PrivateFrameworks/FaceCore.framework/Versions/A/FaceCore
0x0000000005a59000 	/System/Library/Frameworks/OpenCL.framework/Versions/A/OpenCL
0x0000000005a59000 	/System/Library/PrivateFrameworks/CrashReporterSupport.framework/Versions/A/CrashReporterSupport
0x0000000005a59000 	/System/Library/PrivateFrameworks/IconServices.framework/Versions/A/IconServices
0x0000000005a59000 	/System/Library/PrivateFrameworks/Apple80211.framework/Versions/A/Apple80211
0x0000000005a59000 	/System/Library/Frameworks/CoreWLAN.framework/Versions/A/CoreWLAN
0x0000000005a59000 	/System/Library/Frameworks/IOBluetooth.framework/Versions/A/IOBluetooth
0x0000000005a59000 	/System/Library/PrivateFrameworks/CoreWiFi.framework/Versions/A/CoreWiFi
0x0000000005a59000 	/System/Library/Frameworks/CoreBluetooth.framework/Versions/A/CoreBluetooth
0x0000000005a59000 	/System/Library/PrivateFrameworks/ChunkingLibrary.framework/Versions/A/ChunkingLibrary
0x0000000005a59000 	/System/Library/PrivateFrameworks/DebugSymbols.framework/Versions/A/DebugSymbols
0x0000000005a59000 	/System/Library/PrivateFrameworks/CoreSymbolication.framework/Versions/A/CoreSymbolication
0x0000000005a59000 	/System/Library/PrivateFrameworks/Symbolication.framework/Versions/A/Symbolication
0x0000000005a59000 	/System/Library/PrivateFrameworks/SpeechRecognitionCore.framework/Versions/A/SpeechRecognitionCore
0x0000000107c00000 	/Library/Java/JavaVirtualMachines/jdk1.8.0_25.jdk/Contents/Home/jre/lib/server/libjvm.dylib
0x0000000005a59000 	/usr/lib/libstdc++.6.dylib
0x00000001072cd000 	/Library/Java/JavaVirtualMachines/jdk1.8.0_25.jdk/Contents/Home/jre/lib/libverify.dylib
0x00000001072db000 	/Library/Java/JavaVirtualMachines/jdk1.8.0_25.jdk/Contents/Home/jre/lib/libjava.dylib
0x0000000107319000 	/Library/Java/JavaVirtualMachines/jdk1.8.0_25.jdk/Contents/Home/jre/lib/libzip.dylib
0x000000011e3b0000 	/System/Library/Frameworks/JavaVM.framework/Frameworks/JavaRuntimeSupport.framework/JavaRuntimeSupport
0x000000011e3cb000 	/System/Library/Frameworks/JavaVM.framework/Versions/A/Frameworks/JavaNativeFoundation.framework/Versions/A/JavaNativeFoundation
0x00000001073ee000 	/System/Library/Frameworks/JavaVM.framework/Versions/A/JavaVM
0x0000000005a59000 	/System/Library/Frameworks/Carbon.framework/Versions/A/Carbon
0x000000011e3e0000 	/System/Library/PrivateFrameworks/JavaLaunching.framework/Versions/A/JavaLaunching
0x0000000005a59000 	/System/Library/Frameworks/Carbon.framework/Versions/A/Frameworks/CommonPanels.framework/Versions/A/CommonPanels
0x0000000005a59000 	/System/Library/Frameworks/Carbon.framework/Versions/A/Frameworks/Help.framework/Versions/A/Help
0x0000000005a59000 	/System/Library/Frameworks/Carbon.framework/Versions/A/Frameworks/ImageCapture.framework/Versions/A/ImageCapture
0x0000000005a59000 	/System/Library/Frameworks/Carbon.framework/Versions/A/Frameworks/OpenScripting.framework/Versions/A/OpenScripting
0x0000000005a59000 	/System/Library/Frameworks/Carbon.framework/Versions/A/Frameworks/Print.framework/Versions/A/Print
0x0000000005a59000 	/System/Library/Frameworks/Carbon.framework/Versions/A/Frameworks/SecurityHI.framework/Versions/A/SecurityHI
0x000000011fe4f000 	/Applications/IntelliJ IDEA 14 CE.app/Contents/bin/libbreakgen64.jnilib
0x000000011fe52000 	/Library/Java/JavaVirtualMachines/jdk1.8.0_25.jdk/Contents/Home/jre/lib/libnet.dylib
0x000000011ff3d000 	/Library/Java/JavaVirtualMachines/jdk1.8.0_25.jdk/Contents/Home/jre/lib/libprism_es2.dylib
0x0000000005a59000 	/System/Library/Frameworks/OpenGL.framework/Versions/A/Resources/GLEngine.bundle/GLEngine
0x0000000005a59000 	/System/Library/Frameworks/OpenGL.framework/Versions/A/Libraries/libGLProgrammability.dylib
0x000000011ffbe000 	/System/Library/Extensions/AppleIntelHD4000GraphicsGLDriver.bundle/Contents/MacOS/AppleIntelHD4000GraphicsGLDriver
0x0000000005a59000 	/System/Library/PrivateFrameworks/GPUSupport.framework/Versions/A/Libraries/libGPUSupportMercury.dylib
0x0000000005a59000 	/System/Library/Frameworks/OpenGL.framework/Versions/A/Resources/GLRendererFloat.bundle/GLRendererFloat
0x0000000005a59000 	/System/Library/Frameworks/OpenCL.framework/Versions/A/Libraries/libcldcpuengine.dylib
0x0000000005a59000 	/System/Library/PrivateFrameworks/DiskImages.framework/Versions/A/DiskImages
0x0000000005a59000 	/System/Library/Frameworks/DiscRecording.framework/Versions/A/DiscRecording
0x0000000005a59000 	/usr/lib/libcsfde.dylib
0x0000000005a59000 	/usr/lib/libcurl.4.dylib
0x0000000005a59000 	/System/Library/PrivateFrameworks/MediaKit.framework/Versions/A/MediaKit
0x0000000005a59000 	/System/Library/PrivateFrameworks/ProtectedCloudStorage.framework/Versions/A/ProtectedCloudStorage
0x0000000005a59000 	/usr/lib/libCoreStorage.dylib
0x0000000005a59000 	/System/Library/PrivateFrameworks/EFILogin.framework/Versions/A/EFILogin
0x0000000005a59000 	/usr/lib/libutil.dylib
0x0000000005a59000 	/System/Library/PrivateFrameworks/FindMyDevice.framework/Versions/A/FindMyDevice
0x0000000005a59000 	/System/Library/Frameworks/LDAP.framework/Versions/A/LDAP
0x0000000005a59000 	/usr/lib/libsasl2.2.dylib
0x0000000005a59000 	/System/Library/PrivateFrameworks/CoreDaemon.framework/Versions/B/CoreDaemon
0x0000000005a59000 	/usr/lib/libcrypto.0.9.8.dylib
0x0000000005a59000 	/System/Library/PrivateFrameworks/AppleSRP.framework/Versions/A/AppleSRP
0x0000000005a59000 	/System/Library/PrivateFrameworks/TrustEvaluationAgent.framework/Versions/A/TrustEvaluationAgent
0x0000000120abb000 	/Library/Java/JavaVirtualMachines/jdk1.8.0_25.jdk/Contents/Home/jre/lib/libglass.dylib
0x0000000005a59000 	/System/Library/PrivateFrameworks/CoreServicesInternal.framework/Versions/A/CoreServicesInternal
0x0000000005a59000 	/System/Library/CoreServices/RawCamera.bundle/Contents/MacOS/RawCamera
0x0000000005a59000 	/System/Library/Frameworks/CoreGraphics.framework/Versions/A/Resources/libRIP.A.dylib
0x0000000005a59000 	/System/Library/Frameworks/Accelerate.framework/Versions/A/Frameworks/vImage.framework/Versions/A/Libraries/libCGInterfaces.dylib
0x0000000005a59000 	/System/Library/PrivateFrameworks/FamilyControls.framework/Versions/A/FamilyControls
0x0000000005a59000 	/System/Library/PrivateFrameworks/CommerceKit.framework/Versions/A/Frameworks/CommerceCore.framework/Versions/A/CommerceCore
0x0000000005a59000 	/System/Library/PrivateFrameworks/SystemAdministration.framework/Versions/A/SystemAdministration
0x0000000005a59000 	/System/Library/PrivateFrameworks/AppContainer.framework/Versions/A/AppContainer
0x0000000005a59000 	/System/Library/PrivateFrameworks/SecCodeWrapper.framework/Versions/A/SecCodeWrapper
0x0000000005a59000 	/System/Library/Frameworks/DirectoryService.framework/Versions/A/DirectoryService
0x0000000005a59000 	/System/Library/PrivateFrameworks/LoginUIKit.framework/Versions/A/Frameworks/LoginUICore.framework/Versions/A/LoginUICore
0x0000000005a59000 	/usr/lib/libodfde.dylib
0x0000000123313000 	/Library/Java/JavaVirtualMachines/jdk1.8.0_25.jdk/Contents/Home/jre/lib/libjavafx_font.dylib
0x0000000005a59000 	/System/Library/Frameworks/CoreGraphics.framework/Versions/A/Resources/libCGXType.A.dylib
0x0000000123372000 	/Users/wing/Downloads/LeapDeveloperKit_2.3.1+31549_mac/LeapSDK/lib/libLeapJava.dylib
0x00000001233cb000 	/Users/wing/Downloads/LeapDeveloperKit_2.3.1+31549_mac/LeapSDK/lib/libLeap.dylib
0x00000001252b9000 	cl_kernels
0x0000000005a59000 	/System/Library/Frameworks/OpenCL.framework/Versions/A/Libraries/ImageFormats/unorm8_bgra.dylib
0x0000000005a59000 	/System/Library/Frameworks/OpenCL.framework/Versions/A/Libraries/ImageFormats/unorm8_rgba.dylib
0x0000000126721000 	/System/Library/Extensions/AppleIntelHD4000GraphicsMTLDriver.bundle/Contents/MacOS/AppleIntelHD4000GraphicsMTLDriver
0x0000000126e7c000 	/Library/Java/JavaVirtualMachines/jdk1.8.0_25.jdk/Contents/Home/jre/lib/libprism_common.dylib

VM Arguments:
jvm_args: -Djava.library.path=/Users/wing/Downloads/LeapDeveloperKit_2.3.1+31549_mac/LeapSDK/lib -Didea.launcher.port=7543 -Didea.launcher.bin.path=/Applications/IntelliJ IDEA 14 CE.app/Contents/bin -Dfile.encoding=UTF-8 
java_command: com.intellij.rt.execution.application.AppMain sample.Main
java_class_path (initial): /Library/Java/JavaVirtualMachines/jdk1.8.0_25.jdk/Contents/Home/lib/ant-javafx.jar:/Library/Java/JavaVirtualMachines/jdk1.8.0_25.jdk/Contents/Home/lib/dt.jar:/Library/Java/JavaVirtualMachines/jdk1.8.0_25.jdk/Contents/Home/lib/javafx-mx.jar:/Library/Java/JavaVirtualMachines/jdk1.8.0_25.jdk/Contents/Home/lib/jconsole.jar:/Library/Java/JavaVirtualMachines/jdk1.8.0_25.jdk/Contents/Home/lib/sa-jdi.jar:/Library/Java/JavaVirtualMachines/jdk1.8.0_25.jdk/Contents/Home/lib/tools.jar:/Library/Java/JavaVirtualMachines/jdk1.8.0_25.jdk/Contents/Home/jre/lib/charsets.jar:/Library/Java/JavaVirtualMachines/jdk1.8.0_25.jdk/Contents/Home/jre/lib/deploy.jar:/Library/Java/JavaVirtualMachines/jdk1.8.0_25.jdk/Contents/Home/jre/lib/javaws.jar:/Library/Java/JavaVirtualMachines/jdk1.8.0_25.jdk/Contents/Home/jre/lib/jce.jar:/Library/Java/JavaVirtualMachines/jdk1.8.0_25.jdk/Contents/Home/jre/lib/jfr.jar:/Library/Java/JavaVirtualMachines/jdk1.8.0_25.jdk/Contents/Home/jre/lib/jfxswt.jar:/Library/Java/JavaVirtualMachines/jdk1.8.0_25.jdk/Contents/Home/jre/lib/jsse.jar:/Library/Java/JavaVirtualMachines/jdk1.8.0_25.jdk/Contents/Home/jre/lib/management-agent.jar:/Library/Java/JavaVirtualMachines/jdk1.8.0_25.jdk/Contents/Home/jre/lib/plugin.jar:/Library/Java/JavaVirtualMachines/jdk1.8.0_25.jdk/Contents/Home/jre/lib/resources.jar:/Library/Java/JavaVirtualMachines/jdk1.8.0_25.jdk/Contents/Home/jre/lib/rt.jar:/Library/Java/JavaVirtualMachines/jdk1.8.0_25.jdk/Contents/Home/jre/lib/ext/cldrdata.jar:/Library/Java/JavaVirtualMachines/jdk1.8.0_25.jdk/Contents/Home/jre/lib/ext/dnsns.jar:/Library/Java/JavaVirtualMachines/jdk1.8.0_25.jdk/Contents/Home/jre/lib/ext/jfxrt.jar:/Library/Java/JavaVirtualMachines/jdk1.8.0_25.jdk/Contents/Home/jre/lib/ext/localedata.jar:/Library/Java/JavaVirtualMachines/jdk1.8.0_25.jdk/Contents/Home/jre/lib/ext/nashorn.jar:/Library/Java/JavaVirtualMachines/jdk1.8.0_25.jdk/Contents/Home/jre/lib/ext/sunec.jar:/Library/Java/JavaVirtualMachines/jdk1.8.0_25.jdk/C
Launcher Type: SUN_STANDARD

Environment Variables:
PATH=/Library/Frameworks/Python.framework/Versions/3.4/bin:/Library/Frameworks/Python.framework/Versions/3.5/bin:/usr/local/bin:/usr/local/bin:/usr/local/bin:/usr/local/bin:/usr/local/bin:/Library/Frameworks/Python.framework/Versions/2.7/bin:/opt/local/bin:/opt/local/sbin:/Users/wing/.rbenv/shims:/Users/wing/.rbenv/shims:/Library/Frameworks/Python.framework/Versions/3.4/bin:/opt/local/bin:/opt/local/sbin:/usr/local/bin:/usr/bin:/bin:/usr/sbin:/sbin:/opt/X11/bin
SHELL=/bin/bash
DISPLAY=/private/tmp/com.apple.launchd.Pys3fUVxA0/org.macosforge.xquartz:0

Signal Handlers:
SIGSEGV: [libjvm.dylib+0x579dc7], sa_mask[0]=11111111011111110111111111111111, sa_flags=SA_ONSTACK|SA_RESTART|SA_SIGINFO
SIGBUS: [libjvm.dylib+0x579dc7], sa_mask[0]=11111111011111110111111111111111, sa_flags=SA_RESTART|SA_SIGINFO
SIGFPE: [libjvm.dylib+0x45b030], sa_mask[0]=11111111011111110111111111111111, sa_flags=SA_RESTART|SA_SIGINFO
SIGPIPE: [libjvm.dylib+0x45b030], sa_mask[0]=11111111011111110111111111111111, sa_flags=SA_RESTART|SA_SIGINFO
SIGXFSZ: [libjvm.dylib+0x45b030], sa_mask[0]=11111111011111110111111111111111, sa_flags=SA_RESTART|SA_SIGINFO
SIGILL: [libjvm.dylib+0x45b030], sa_mask[0]=11111111011111110111111111111111, sa_flags=SA_RESTART|SA_SIGINFO
SIGUSR1: SIG_DFL, sa_mask[0]=00000000000000000000000000000000, sa_flags=none
SIGUSR2: [libjvm.dylib+0x45ab4e], sa_mask[0]=00100000000000000000000000000000, sa_flags=SA_RESTART|SA_SIGINFO
SIGHUP: [libjvm.dylib+0x459121], sa_mask[0]=11111111011111110111111111111111, sa_flags=SA_RESTART|SA_SIGINFO
SIGINT: [libjvm.dylib+0x459121], sa_mask[0]=11111111011111110111111111111111, sa_flags=SA_RESTART|SA_SIGINFO
SIGTERM: [libjvm.dylib+0x459121], sa_mask[0]=11111111011111110111111111111111, sa_flags=SA_RESTART|SA_SIGINFO
SIGQUIT: [libjvm.dylib+0x459121], sa_mask[0]=11111111011111110111111111111111, sa_flags=SA_RESTART|SA_SIGINFO


---------------  S Y S T E M  ---------------

OS:Bsduname:Darwin 15.0.0 Darwin Kernel Version 15.0.0: Wed Aug 26 19:41:34 PDT 2015; root:xnu-3247.1.106~5/RELEASE_X86_64 x86_64
rlimit: STACK 8192k, CORE 0k, NPROC 709, NOFILE 10240, AS infinity
load average:2.45 2.23 2.83

CPU:total 4 (2 cores per cpu, 2 threads per core) family 6 model 58 stepping 9, cmov, cx8, fxsr, mmx, sse, sse2, sse3, ssse3, sse4.1, sse4.2, popcnt, avx, aes, clmul, erms, ht, tsc, tscinvbit, tscinv

Memory: 4k page, physical 8388608k(639256k free)

/proc/meminfo:


vm_info: Java HotSpot(TM) 64-Bit Server VM (25.25-b02) for bsd-amd64 JRE (1.8.0_25-b17), built on Sep 17 2014 16:56:50 by "java_re" with gcc 4.2.1 (Based on Apple Inc. build 5658) (LLVM build 2336.11.00)

time: Sun Nov 15 21:41:46 2015
elapsed time: 784 seconds (0d 0h 13m 4s)

